c:\users\barte\onedrive\pulpit\visual studio projects\serial_port\serial_port\serial_port\x64\debug\vc143.pdb
c:\users\barte\onedrive\pulpit\visual studio projects\serial_port\serial_port\serial_port\x64\debug\form1.obj
c:\users\barte\onedrive\pulpit\visual studio projects\serial_port\serial_port\serial_port\x64\debug\cppclr_winformsproject.obj
c:\users\barte\onedrive\pulpit\visual studio projects\serial_port\serial_port\serial_port\x64\debug\assemblyinfo.obj
c:\users\barte\onedrive\pulpit\visual studio projects\serial_port\serial_port\serial_port\x64\debug\.netframework,version=v4.7.2.assemblyattributes.obj
c:\users\barte\onedrive\pulpit\visual studio projects\serial_port\serial_port\serial_port\x64\debug\serial_port.pch
c:\users\barte\onedrive\pulpit\visual studio projects\serial_port\serial_port\serial_port\x64\debug\pch.obj
c:\users\barte\onedrive\pulpit\visual studio projects\serial_port\serial_port\serial_port\x64\debug\simpleserial.obj
c:\users\barte\onedrive\pulpit\visual studio projects\serial_port\serial_port\x64\debug\serial_port.exe
c:\users\barte\onedrive\pulpit\visual studio projects\serial_port\serial_port\x64\debug\serial_port.pdb
c:\users\barte\onedrive\pulpit\visual studio projects\serial_port\serial_port\serial_port\x64\debug\app.res
c:\users\barte\onedrive\pulpit\visual studio projects\serial_port\serial_port\serial_port\x64\debug\serial_port.tlog\cl.command.1.tlog
c:\users\barte\onedrive\pulpit\visual studio projects\serial_port\serial_port\serial_port\x64\debug\serial_port.tlog\cl.items.tlog
c:\users\barte\onedrive\pulpit\visual studio projects\serial_port\serial_port\serial_port\x64\debug\serial_port.tlog\cl.read.1.tlog
c:\users\barte\onedrive\pulpit\visual studio projects\serial_port\serial_port\serial_port\x64\debug\serial_port.tlog\cl.write.1.tlog
c:\users\barte\onedrive\pulpit\visual studio projects\serial_port\serial_port\serial_port\x64\debug\serial_port.tlog\link.command.1.tlog
c:\users\barte\onedrive\pulpit\visual studio projects\serial_port\serial_port\serial_port\x64\debug\serial_port.tlog\link.read.1.tlog
c:\users\barte\onedrive\pulpit\visual studio projects\serial_port\serial_port\serial_port\x64\debug\serial_port.tlog\link.secondary.1.tlog
c:\users\barte\onedrive\pulpit\visual studio projects\serial_port\serial_port\serial_port\x64\debug\serial_port.tlog\link.write.1.tlog
c:\users\barte\onedrive\pulpit\visual studio projects\serial_port\serial_port\serial_port\x64\debug\serial_port.tlog\metagen.read.1.tlog
c:\users\barte\onedrive\pulpit\visual studio projects\serial_port\serial_port\serial_port\x64\debug\serial_port.tlog\metagen.write.1.tlog
c:\users\barte\onedrive\pulpit\visual studio projects\serial_port\serial_port\serial_port\x64\debug\serial_port.tlog\rc.command.1.tlog
c:\users\barte\onedrive\pulpit\visual studio projects\serial_port\serial_port\serial_port\x64\debug\serial_port.tlog\rc.read.1.tlog
c:\users\barte\onedrive\pulpit\visual studio projects\serial_port\serial_port\serial_port\x64\debug\serial_port.tlog\rc.write.1.tlog
c:\users\barte\onedrive\pulpit\visual studio projects\serial_port\serial_port\serial_port\x64\debug\serial_port.tlog\resgen.command.1.tlog
c:\users\barte\onedrive\pulpit\visual studio projects\serial_port\serial_port\serial_port\x64\debug\serial_port.tlog\resgen.read.1.tlog
c:\users\barte\onedrive\pulpit\visual studio projects\serial_port\serial_port\serial_port\x64\debug\serial_port.tlog\resgen.write.1.tlog
